{"/home/y/github/yzhanCodeSpace/theory/compiler/js-compiler/stream/htmlParser/Collector.class.js": {"path":"/home/y/github/yzhanCodeSpace/theory/compiler/js-compiler/stream/htmlParser/Collector.class.js","statementMap":{"0":{"start":{"line":1,"column":21},"end":{"line":1,"column":43}},"1":{"start":{"line":3,"column":0},"end":{"line":12,"column":1}},"2":{"start":{"line":5,"column":4},"end":{"line":5,"column":11}},"3":{"start":{"line":6,"column":4},"end":{"line":6,"column":18}},"4":{"start":{"line":10,"column":4},"end":{"line":10,"column":25}}},"fnMap":{"0":{"name":"(anonymous_0)","decl":{"start":{"line":4,"column":2},"end":{"line":4,"column":3}},"loc":{"start":{"line":4,"column":16},"end":{"line":7,"column":3}},"line":4},"1":{"name":"(anonymous_1)","decl":{"start":{"line":9,"column":2},"end":{"line":9,"column":3}},"loc":{"start":{"line":9,"column":15},"end":{"line":11,"column":3}},"line":9}},"branchMap":{},"s":{"0":1,"1":1,"2":39,"3":39,"4":81},"f":{"0":39,"1":81},"b":{},"_coverageSchema":"1a1c01bbd47fc00a2c39e90264f33305004495a9","hash":"7a01b18c4a6757fc82e105c0bbdb18f946fd11d5"}
,"/home/y/github/yzhanCodeSpace/theory/compiler/js-compiler/stream/htmlParser/HtmlParser.class.js": {"path":"/home/y/github/yzhanCodeSpace/theory/compiler/js-compiler/stream/htmlParser/HtmlParser.class.js","statementMap":{"0":{"start":{"line":1,"column":21},"end":{"line":1,"column":43}},"1":{"start":{"line":2,"column":14},"end":{"line":2,"column":38}},"2":{"start":{"line":3,"column":0},"end":{"line":165,"column":1}},"3":{"start":{"line":5,"column":4},"end":{"line":5,"column":11}},"4":{"start":{"line":6,"column":23},"end":{"line":6,"column":27}},"5":{"start":{"line":7,"column":30},"end":{"line":7,"column":32}},"6":{"start":{"line":8,"column":31},"end":{"line":8,"column":33}},"7":{"start":{"line":9,"column":25},"end":{"line":9,"column":27}},"8":{"start":{"line":11,"column":17},"end":{"line":13,"column":5}},"9":{"start":{"line":12,"column":6},"end":{"line":12,"column":39}},"10":{"start":{"line":15,"column":25},"end":{"line":17,"column":5}},"11":{"start":{"line":16,"column":6},"end":{"line":16,"column":59}},"12":{"start":{"line":19,"column":22},"end":{"line":28,"column":5}},"13":{"start":{"line":21,"column":6},"end":{"line":25,"column":7}},"14":{"start":{"line":22,"column":8},"end":{"line":22,"column":34}},"15":{"start":{"line":23,"column":8},"end":{"line":23,"column":39}},"16":{"start":{"line":24,"column":8},"end":{"line":24,"column":22}},"17":{"start":{"line":26,"column":6},"end":{"line":26,"column":35}},"18":{"start":{"line":27,"column":6},"end":{"line":27,"column":22}},"19":{"start":{"line":30,"column":20},"end":{"line":35,"column":5}},"20":{"start":{"line":31,"column":6},"end":{"line":31,"column":25}},"21":{"start":{"line":32,"column":6},"end":{"line":32,"column":38}},"22":{"start":{"line":32,"column":24},"end":{"line":32,"column":38}},"23":{"start":{"line":33,"column":6},"end":{"line":33,"column":37}},"24":{"start":{"line":33,"column":24},"end":{"line":33,"column":37}},"25":{"start":{"line":34,"column":6},"end":{"line":34,"column":26}},"26":{"start":{"line":37,"column":20},"end":{"line":47,"column":5}},"27":{"start":{"line":38,"column":6},"end":{"line":38,"column":52}},"28":{"start":{"line":38,"column":30},"end":{"line":38,"column":52}},"29":{"start":{"line":39,"column":6},"end":{"line":39,"column":50}},"30":{"start":{"line":39,"column":24},"end":{"line":39,"column":50}},"31":{"start":{"line":40,"column":6},"end":{"line":44,"column":7}},"32":{"start":{"line":41,"column":8},"end":{"line":41,"column":47}},"33":{"start":{"line":42,"column":8},"end":{"line":42,"column":26}},"34":{"start":{"line":43,"column":8},"end":{"line":43,"column":24}},"35":{"start":{"line":45,"column":6},"end":{"line":45,"column":28}},"36":{"start":{"line":46,"column":6},"end":{"line":46,"column":20}},"37":{"start":{"line":49,"column":28},"end":{"line":59,"column":5}},"38":{"start":{"line":50,"column":6},"end":{"line":50,"column":52}},"39":{"start":{"line":50,"column":30},"end":{"line":50,"column":52}},"40":{"start":{"line":51,"column":6},"end":{"line":51,"column":50}},"41":{"start":{"line":51,"column":24},"end":{"line":51,"column":50}},"42":{"start":{"line":52,"column":6},"end":{"line":56,"column":7}},"43":{"start":{"line":53,"column":8},"end":{"line":53,"column":47}},"44":{"start":{"line":54,"column":8},"end":{"line":54,"column":26}},"45":{"start":{"line":55,"column":8},"end":{"line":55,"column":24}},"46":{"start":{"line":57,"column":6},"end":{"line":57,"column":30}},"47":{"start":{"line":58,"column":6},"end":{"line":58,"column":32}},"48":{"start":{"line":61,"column":26},"end":{"line":70,"column":5}},"49":{"start":{"line":62,"column":6},"end":{"line":62,"column":50}},"50":{"start":{"line":62,"column":30},"end":{"line":62,"column":50}},"51":{"start":{"line":63,"column":6},"end":{"line":66,"column":7}},"52":{"start":{"line":64,"column":8},"end":{"line":64,"column":75}},"53":{"start":{"line":65,"column":8},"end":{"line":65,"column":34}},"54":{"start":{"line":67,"column":6},"end":{"line":67,"column":51}},"55":{"start":{"line":67,"column":24},"end":{"line":67,"column":51}},"56":{"start":{"line":68,"column":6},"end":{"line":68,"column":33}},"57":{"start":{"line":69,"column":6},"end":{"line":69,"column":26}},"58":{"start":{"line":72,"column":33},"end":{"line":84,"column":5}},"59":{"start":{"line":73,"column":6},"end":{"line":73,"column":57}},"60":{"start":{"line":73,"column":30},"end":{"line":73,"column":57}},"61":{"start":{"line":74,"column":6},"end":{"line":74,"column":31}},"62":{"start":{"line":75,"column":6},"end":{"line":75,"column":51}},"63":{"start":{"line":75,"column":24},"end":{"line":75,"column":51}},"64":{"start":{"line":76,"column":6},"end":{"line":76,"column":51}},"65":{"start":{"line":76,"column":24},"end":{"line":76,"column":51}},"66":{"start":{"line":77,"column":6},"end":{"line":82,"column":7}},"67":{"start":{"line":78,"column":8},"end":{"line":78,"column":76}},"68":{"start":{"line":79,"column":8},"end":{"line":79,"column":47}},"69":{"start":{"line":80,"column":8},"end":{"line":80,"column":26}},"70":{"start":{"line":81,"column":8},"end":{"line":81,"column":24}},"71":{"start":{"line":83,"column":6},"end":{"line":83,"column":41}},"72":{"start":{"line":86,"column":33},"end":{"line":94,"column":5}},"73":{"start":{"line":87,"column":6},"end":{"line":90,"column":7}},"74":{"start":{"line":88,"column":8},"end":{"line":88,"column":76}},"75":{"start":{"line":89,"column":8},"end":{"line":89,"column":40}},"76":{"start":{"line":92,"column":6},"end":{"line":92,"column":34}},"77":{"start":{"line":93,"column":6},"end":{"line":93,"column":33}},"78":{"start":{"line":96,"column":33},"end":{"line":104,"column":5}},"79":{"start":{"line":97,"column":6},"end":{"line":100,"column":7}},"80":{"start":{"line":98,"column":8},"end":{"line":98,"column":76}},"81":{"start":{"line":99,"column":8},"end":{"line":99,"column":40}},"82":{"start":{"line":102,"column":6},"end":{"line":102,"column":34}},"83":{"start":{"line":103,"column":6},"end":{"line":103,"column":33}},"84":{"start":{"line":106,"column":35},"end":{"line":124,"column":5}},"85":{"start":{"line":107,"column":6},"end":{"line":110,"column":7}},"86":{"start":{"line":108,"column":8},"end":{"line":108,"column":76}},"87":{"start":{"line":109,"column":8},"end":{"line":109,"column":30}},"88":{"start":{"line":111,"column":6},"end":{"line":114,"column":7}},"89":{"start":{"line":112,"column":8},"end":{"line":112,"column":76}},"90":{"start":{"line":113,"column":8},"end":{"line":113,"column":34}},"91":{"start":{"line":116,"column":6},"end":{"line":121,"column":7}},"92":{"start":{"line":117,"column":8},"end":{"line":117,"column":76}},"93":{"start":{"line":118,"column":8},"end":{"line":118,"column":47}},"94":{"start":{"line":119,"column":8},"end":{"line":119,"column":26}},"95":{"start":{"line":120,"column":8},"end":{"line":120,"column":24}},"96":{"start":{"line":122,"column":6},"end":{"line":122,"column":34}},"97":{"start":{"line":123,"column":6},"end":{"line":123,"column":35}},"98":{"start":{"line":126,"column":38},"end":{"line":134,"column":5}},"99":{"start":{"line":127,"column":6},"end":{"line":127,"column":50}},"100":{"start":{"line":127,"column":24},"end":{"line":127,"column":50}},"101":{"start":{"line":128,"column":6},"end":{"line":132,"column":7}},"102":{"start":{"line":129,"column":8},"end":{"line":129,"column":47}},"103":{"start":{"line":130,"column":8},"end":{"line":130,"column":26}},"104":{"start":{"line":131,"column":8},"end":{"line":131,"column":24}},"105":{"start":{"line":133,"column":6},"end":{"line":133,"column":34}},"106":{"start":{"line":136,"column":32},"end":{"line":144,"column":5}},"107":{"start":{"line":137,"column":6},"end":{"line":142,"column":7}},"108":{"start":{"line":138,"column":8},"end":{"line":138,"column":46}},"109":{"start":{"line":139,"column":8},"end":{"line":139,"column":47}},"110":{"start":{"line":140,"column":8},"end":{"line":140,"column":26}},"111":{"start":{"line":141,"column":8},"end":{"line":141,"column":24}},"112":{"start":{"line":143,"column":6},"end":{"line":143,"column":32}},"113":{"start":{"line":146,"column":19},"end":{"line":155,"column":5}},"114":{"start":{"line":147,"column":6},"end":{"line":147,"column":43}},"115":{"start":{"line":147,"column":30},"end":{"line":147,"column":43}},"116":{"start":{"line":148,"column":6},"end":{"line":152,"column":7}},"117":{"start":{"line":149,"column":8},"end":{"line":149,"column":44}},"118":{"start":{"line":150,"column":8},"end":{"line":150,"column":26}},"119":{"start":{"line":151,"column":8},"end":{"line":151,"column":24}},"120":{"start":{"line":153,"column":6},"end":{"line":153,"column":38}},"121":{"start":{"line":154,"column":6},"end":{"line":154,"column":26}},"122":{"start":{"line":157,"column":4},"end":{"line":157,"column":26}},"123":{"start":{"line":160,"column":4},"end":{"line":160,"column":33}},"124":{"start":{"line":163,"column":4},"end":{"line":163,"column":20}}},"fnMap":{"0":{"name":"(anonymous_0)","decl":{"start":{"line":4,"column":2},"end":{"line":4,"column":3}},"loc":{"start":{"line":4,"column":16},"end":{"line":158,"column":3}},"line":4},"1":{"name":"(anonymous_1)","decl":{"start":{"line":11,"column":17},"end":{"line":11,"column":18}},"loc":{"start":{"line":11,"column":26},"end":{"line":13,"column":5}},"line":11},"2":{"name":"(anonymous_2)","decl":{"start":{"line":15,"column":25},"end":{"line":15,"column":26}},"loc":{"start":{"line":15,"column":33},"end":{"line":17,"column":5}},"line":15},"3":{"name":"(anonymous_3)","decl":{"start":{"line":19,"column":22},"end":{"line":19,"column":23}},"loc":{"start":{"line":19,"column":30},"end":{"line":28,"column":5}},"line":19},"4":{"name":"(anonymous_4)","decl":{"start":{"line":30,"column":20},"end":{"line":30,"column":21}},"loc":{"start":{"line":30,"column":28},"end":{"line":35,"column":5}},"line":30},"5":{"name":"(anonymous_5)","decl":{"start":{"line":37,"column":20},"end":{"line":37,"column":21}},"loc":{"start":{"line":37,"column":28},"end":{"line":47,"column":5}},"line":37},"6":{"name":"(anonymous_6)","decl":{"start":{"line":49,"column":28},"end":{"line":49,"column":29}},"loc":{"start":{"line":49,"column":36},"end":{"line":59,"column":5}},"line":49},"7":{"name":"(anonymous_7)","decl":{"start":{"line":61,"column":26},"end":{"line":61,"column":27}},"loc":{"start":{"line":61,"column":34},"end":{"line":70,"column":5}},"line":61},"8":{"name":"(anonymous_8)","decl":{"start":{"line":72,"column":33},"end":{"line":72,"column":34}},"loc":{"start":{"line":72,"column":41},"end":{"line":84,"column":5}},"line":72},"9":{"name":"(anonymous_9)","decl":{"start":{"line":86,"column":33},"end":{"line":86,"column":34}},"loc":{"start":{"line":86,"column":41},"end":{"line":94,"column":5}},"line":86},"10":{"name":"(anonymous_10)","decl":{"start":{"line":96,"column":33},"end":{"line":96,"column":34}},"loc":{"start":{"line":96,"column":41},"end":{"line":104,"column":5}},"line":96},"11":{"name":"(anonymous_11)","decl":{"start":{"line":106,"column":35},"end":{"line":106,"column":36}},"loc":{"start":{"line":106,"column":43},"end":{"line":124,"column":5}},"line":106},"12":{"name":"(anonymous_12)","decl":{"start":{"line":126,"column":38},"end":{"line":126,"column":39}},"loc":{"start":{"line":126,"column":46},"end":{"line":134,"column":5}},"line":126},"13":{"name":"(anonymous_13)","decl":{"start":{"line":136,"column":32},"end":{"line":136,"column":33}},"loc":{"start":{"line":136,"column":40},"end":{"line":144,"column":5}},"line":136},"14":{"name":"(anonymous_14)","decl":{"start":{"line":146,"column":19},"end":{"line":146,"column":20}},"loc":{"start":{"line":146,"column":27},"end":{"line":155,"column":5}},"line":146},"15":{"name":"(anonymous_15)","decl":{"start":{"line":159,"column":2},"end":{"line":159,"column":3}},"loc":{"start":{"line":159,"column":14},"end":{"line":161,"column":3}},"line":159},"16":{"name":"(anonymous_16)","decl":{"start":{"line":162,"column":2},"end":{"line":162,"column":3}},"loc":{"start":{"line":162,"column":8},"end":{"line":164,"column":3}},"line":162}},"branchMap":{"0":{"loc":{"start":{"line":16,"column":13},"end":{"line":16,"column":59}},"type":"binary-expr","locations":[{"start":{"line":16,"column":13},"end":{"line":16,"column":25}},{"start":{"line":16,"column":29},"end":{"line":16,"column":42}},{"start":{"line":16,"column":46},"end":{"line":16,"column":59}}],"line":16},"1":{"loc":{"start":{"line":21,"column":6},"end":{"line":25,"column":7}},"type":"if","locations":[{"start":{"line":21,"column":6},"end":{"line":25,"column":7}},{"start":{},"end":{}}],"line":21},"2":{"loc":{"start":{"line":32,"column":6},"end":{"line":32,"column":38}},"type":"if","locations":[{"start":{"line":32,"column":6},"end":{"line":32,"column":38}},{"start":{},"end":{}}],"line":32},"3":{"loc":{"start":{"line":33,"column":6},"end":{"line":33,"column":37}},"type":"if","locations":[{"start":{"line":33,"column":6},"end":{"line":33,"column":37}},{"start":{},"end":{}}],"line":33},"4":{"loc":{"start":{"line":38,"column":6},"end":{"line":38,"column":52}},"type":"if","locations":[{"start":{"line":38,"column":6},"end":{"line":38,"column":52}},{"start":{},"end":{}}],"line":38},"5":{"loc":{"start":{"line":39,"column":6},"end":{"line":39,"column":50}},"type":"if","locations":[{"start":{"line":39,"column":6},"end":{"line":39,"column":50}},{"start":{},"end":{}}],"line":39},"6":{"loc":{"start":{"line":40,"column":6},"end":{"line":44,"column":7}},"type":"if","locations":[{"start":{"line":40,"column":6},"end":{"line":44,"column":7}},{"start":{},"end":{}}],"line":40},"7":{"loc":{"start":{"line":50,"column":6},"end":{"line":50,"column":52}},"type":"if","locations":[{"start":{"line":50,"column":6},"end":{"line":50,"column":52}},{"start":{},"end":{}}],"line":50},"8":{"loc":{"start":{"line":51,"column":6},"end":{"line":51,"column":50}},"type":"if","locations":[{"start":{"line":51,"column":6},"end":{"line":51,"column":50}},{"start":{},"end":{}}],"line":51},"9":{"loc":{"start":{"line":52,"column":6},"end":{"line":56,"column":7}},"type":"if","locations":[{"start":{"line":52,"column":6},"end":{"line":56,"column":7}},{"start":{},"end":{}}],"line":52},"10":{"loc":{"start":{"line":62,"column":6},"end":{"line":62,"column":50}},"type":"if","locations":[{"start":{"line":62,"column":6},"end":{"line":62,"column":50}},{"start":{},"end":{}}],"line":62},"11":{"loc":{"start":{"line":63,"column":6},"end":{"line":66,"column":7}},"type":"if","locations":[{"start":{"line":63,"column":6},"end":{"line":66,"column":7}},{"start":{},"end":{}}],"line":63},"12":{"loc":{"start":{"line":67,"column":6},"end":{"line":67,"column":51}},"type":"if","locations":[{"start":{"line":67,"column":6},"end":{"line":67,"column":51}},{"start":{},"end":{}}],"line":67},"13":{"loc":{"start":{"line":73,"column":6},"end":{"line":73,"column":57}},"type":"if","locations":[{"start":{"line":73,"column":6},"end":{"line":73,"column":57}},{"start":{},"end":{}}],"line":73},"14":{"loc":{"start":{"line":75,"column":6},"end":{"line":75,"column":51}},"type":"if","locations":[{"start":{"line":75,"column":6},"end":{"line":75,"column":51}},{"start":{},"end":{}}],"line":75},"15":{"loc":{"start":{"line":76,"column":6},"end":{"line":76,"column":51}},"type":"if","locations":[{"start":{"line":76,"column":6},"end":{"line":76,"column":51}},{"start":{},"end":{}}],"line":76},"16":{"loc":{"start":{"line":77,"column":6},"end":{"line":82,"column":7}},"type":"if","locations":[{"start":{"line":77,"column":6},"end":{"line":82,"column":7}},{"start":{},"end":{}}],"line":77},"17":{"loc":{"start":{"line":87,"column":6},"end":{"line":90,"column":7}},"type":"if","locations":[{"start":{"line":87,"column":6},"end":{"line":90,"column":7}},{"start":{},"end":{}}],"line":87},"18":{"loc":{"start":{"line":97,"column":6},"end":{"line":100,"column":7}},"type":"if","locations":[{"start":{"line":97,"column":6},"end":{"line":100,"column":7}},{"start":{},"end":{}}],"line":97},"19":{"loc":{"start":{"line":107,"column":6},"end":{"line":110,"column":7}},"type":"if","locations":[{"start":{"line":107,"column":6},"end":{"line":110,"column":7}},{"start":{},"end":{}}],"line":107},"20":{"loc":{"start":{"line":111,"column":6},"end":{"line":114,"column":7}},"type":"if","locations":[{"start":{"line":111,"column":6},"end":{"line":114,"column":7}},{"start":{},"end":{}}],"line":111},"21":{"loc":{"start":{"line":116,"column":6},"end":{"line":121,"column":7}},"type":"if","locations":[{"start":{"line":116,"column":6},"end":{"line":121,"column":7}},{"start":{},"end":{}}],"line":116},"22":{"loc":{"start":{"line":127,"column":6},"end":{"line":127,"column":50}},"type":"if","locations":[{"start":{"line":127,"column":6},"end":{"line":127,"column":50}},{"start":{},"end":{}}],"line":127},"23":{"loc":{"start":{"line":128,"column":6},"end":{"line":132,"column":7}},"type":"if","locations":[{"start":{"line":128,"column":6},"end":{"line":132,"column":7}},{"start":{},"end":{}}],"line":128},"24":{"loc":{"start":{"line":137,"column":6},"end":{"line":142,"column":7}},"type":"if","locations":[{"start":{"line":137,"column":6},"end":{"line":142,"column":7}},{"start":{},"end":{}}],"line":137},"25":{"loc":{"start":{"line":147,"column":6},"end":{"line":147,"column":43}},"type":"if","locations":[{"start":{"line":147,"column":6},"end":{"line":147,"column":43}},{"start":{},"end":{}}],"line":147},"26":{"loc":{"start":{"line":148,"column":6},"end":{"line":152,"column":7}},"type":"if","locations":[{"start":{"line":148,"column":6},"end":{"line":152,"column":7}},{"start":{},"end":{}}],"line":148}},"s":{"0":1,"1":1,"2":1,"3":39,"4":39,"5":39,"6":39,"7":39,"8":39,"9":81,"10":39,"11":748,"12":39,"13":81,"14":70,"15":70,"16":70,"17":11,"18":11,"19":39,"20":89,"21":89,"22":19,"23":70,"24":24,"25":46,"26":39,"27":266,"28":36,"29":230,"30":2,"31":228,"32":31,"33":31,"34":31,"35":197,"36":197,"37":39,"38":95,"39":34,"40":61,"41":8,"42":53,"43":8,"44":8,"45":8,"46":45,"47":45,"48":39,"49":242,"50":20,"51":222,"52":4,"53":4,"54":218,"55":41,"56":177,"57":177,"58":39,"59":48,"60":7,"61":41,"62":41,"63":13,"64":28,"65":12,"66":16,"67":1,"68":1,"69":1,"70":1,"71":15,"72":39,"73":73,"74":13,"75":13,"76":60,"77":60,"78":39,"79":68,"80":12,"81":12,"82":56,"83":56,"84":39,"85":72,"86":8,"87":8,"88":64,"89":4,"90":4,"91":60,"92":3,"93":3,"94":3,"95":3,"96":57,"97":57,"98":39,"99":25,"100":4,"101":21,"102":4,"103":4,"104":4,"105":17,"106":39,"107":23,"108":22,"109":22,"110":22,"111":22,"112":1,"113":39,"114":25,"115":1,"116":24,"117":1,"118":1,"119":1,"120":23,"121":23,"122":39,"123":961,"124":39},"f":{"0":39,"1":81,"2":748,"3":81,"4":89,"5":266,"6":95,"7":242,"8":48,"9":73,"10":68,"11":72,"12":25,"13":23,"14":25,"15":961,"16":39},"b":{"0":[748,642,642],"1":[70,11],"2":[19,70],"3":[24,46],"4":[36,230],"5":[2,228],"6":[31,197],"7":[34,61],"8":[8,53],"9":[8,45],"10":[20,222],"11":[4,218],"12":[41,177],"13":[7,41],"14":[13,28],"15":[12,16],"16":[1,15],"17":[13,60],"18":[12,56],"19":[8,64],"20":[4,60],"21":[3,57],"22":[4,21],"23":[4,17],"24":[22,1],"25":[1,24],"26":[1,23]},"_coverageSchema":"1a1c01bbd47fc00a2c39e90264f33305004495a9","hash":"4a1583e360ca361daeee54420fde9cd7a4159e71"}
,"/home/y/github/yzhanCodeSpace/theory/compiler/js-compiler/stream/htmlParser/StringStream.class.js": {"path":"/home/y/github/yzhanCodeSpace/theory/compiler/js-compiler/stream/htmlParser/StringStream.class.js","statementMap":{"0":{"start":{"line":1,"column":21},"end":{"line":1,"column":43}},"1":{"start":{"line":2,"column":0},"end":{"line":14,"column":1}},"2":{"start":{"line":4,"column":4},"end":{"line":4,"column":11}},"3":{"start":{"line":6,"column":4},"end":{"line":6,"column":24}},"4":{"start":{"line":9,"column":4},"end":{"line":11,"column":5}},"5":{"start":{"line":10,"column":6},"end":{"line":10,"column":29}},"6":{"start":{"line":12,"column":4},"end":{"line":12,"column":20}}},"fnMap":{"0":{"name":"(anonymous_0)","decl":{"start":{"line":3,"column":2},"end":{"line":3,"column":3}},"loc":{"start":{"line":3,"column":22},"end":{"line":7,"column":3}},"line":3},"1":{"name":"(anonymous_1)","decl":{"start":{"line":8,"column":2},"end":{"line":8,"column":3}},"loc":{"start":{"line":8,"column":10},"end":{"line":13,"column":3}},"line":8}},"branchMap":{},"s":{"0":1,"1":1,"2":39,"3":39,"4":39,"5":961,"6":39},"f":{"0":39,"1":39},"b":{},"_coverageSchema":"1a1c01bbd47fc00a2c39e90264f33305004495a9","hash":"675c360cd80411d16882a776ed67700b97facaf5"}
,"/home/y/github/yzhanCodeSpace/theory/compiler/js-compiler/stream/htmlParser/Token.class.js": {"path":"/home/y/github/yzhanCodeSpace/theory/compiler/js-compiler/stream/htmlParser/Token.class.js","statementMap":{"0":{"start":{"line":1,"column":0},"end":{"line":38,"column":1}},"1":{"start":{"line":3,"column":4},"end":{"line":3,"column":20}},"2":{"start":{"line":4,"column":4},"end":{"line":4,"column":26}},"3":{"start":{"line":5,"column":4},"end":{"line":5,"column":41}},"4":{"start":{"line":8,"column":4},"end":{"line":8,"column":20}},"5":{"start":{"line":11,"column":4},"end":{"line":11,"column":20}},"6":{"start":{"line":14,"column":4},"end":{"line":14,"column":26}},"7":{"start":{"line":17,"column":4},"end":{"line":17,"column":23}},"8":{"start":{"line":20,"column":4},"end":{"line":20,"column":33}},"9":{"start":{"line":23,"column":4},"end":{"line":23,"column":26}},"10":{"start":{"line":26,"column":17},"end":{"line":26,"column":31}},"11":{"start":{"line":27,"column":20},"end":{"line":27,"column":37}},"12":{"start":{"line":28,"column":23},"end":{"line":28,"column":43}},"13":{"start":{"line":29,"column":4},"end":{"line":36,"column":6}}},"fnMap":{"0":{"name":"(anonymous_0)","decl":{"start":{"line":2,"column":2},"end":{"line":2,"column":3}},"loc":{"start":{"line":2,"column":29},"end":{"line":6,"column":3}},"line":2},"1":{"name":"(anonymous_1)","decl":{"start":{"line":7,"column":2},"end":{"line":7,"column":3}},"loc":{"start":{"line":7,"column":16},"end":{"line":9,"column":3}},"line":7},"2":{"name":"(anonymous_2)","decl":{"start":{"line":10,"column":2},"end":{"line":10,"column":3}},"loc":{"start":{"line":10,"column":12},"end":{"line":12,"column":3}},"line":10},"3":{"name":"(anonymous_3)","decl":{"start":{"line":13,"column":2},"end":{"line":13,"column":3}},"loc":{"start":{"line":13,"column":22},"end":{"line":15,"column":3}},"line":13},"4":{"name":"(anonymous_4)","decl":{"start":{"line":16,"column":2},"end":{"line":16,"column":3}},"loc":{"start":{"line":16,"column":15},"end":{"line":18,"column":3}},"line":16},"5":{"name":"(anonymous_5)","decl":{"start":{"line":19,"column":2},"end":{"line":19,"column":3}},"loc":{"start":{"line":19,"column":28},"end":{"line":21,"column":3}},"line":19},"6":{"name":"(anonymous_6)","decl":{"start":{"line":22,"column":2},"end":{"line":22,"column":3}},"loc":{"start":{"line":22,"column":18},"end":{"line":24,"column":3}},"line":22},"7":{"name":"(anonymous_7)","decl":{"start":{"line":25,"column":2},"end":{"line":25,"column":3}},"loc":{"start":{"line":25,"column":11},"end":{"line":37,"column":3}},"line":25}},"branchMap":{"0":{"loc":{"start":{"line":29,"column":26},"end":{"line":36,"column":5}},"type":"cond-expr","locations":[{"start":{"line":29,"column":65},"end":{"line":32,"column":5}},{"start":{"line":32,"column":8},"end":{"line":36,"column":5}}],"line":29}},"s":{"0":1,"1":82,"2":82,"3":82,"4":115,"5":81,"6":69,"7":81,"8":45,"9":81,"10":81,"11":81,"12":81,"13":81},"f":{"0":82,"1":115,"2":81,"3":69,"4":81,"5":45,"6":81,"7":81},"b":{"0":[49,32]},"_coverageSchema":"1a1c01bbd47fc00a2c39e90264f33305004495a9","hash":"67bcd268c03cf182a704c7486c485e39e96314e5"}
}
