TN:
SF:htmlParser/Collector.class.js
FN:4,(anonymous_0)
FN:9,(anonymous_1)
FNF:2
FNH:2
FNDA:39,(anonymous_0)
FNDA:81,(anonymous_1)
DA:1,1
DA:3,1
DA:5,39
DA:6,39
DA:10,81
LF:5
LH:5
BRF:0
BRH:0
end_of_record
TN:
SF:htmlParser/HtmlParser.class.js
FN:4,(anonymous_0)
FN:11,(anonymous_1)
FN:15,(anonymous_2)
FN:19,(anonymous_3)
FN:30,(anonymous_4)
FN:37,(anonymous_5)
FN:49,(anonymous_6)
FN:61,(anonymous_7)
FN:72,(anonymous_8)
FN:86,(anonymous_9)
FN:96,(anonymous_10)
FN:106,(anonymous_11)
FN:126,(anonymous_12)
FN:136,(anonymous_13)
FN:146,(anonymous_14)
FN:159,(anonymous_15)
FN:162,(anonymous_16)
FNF:17
FNH:17
FNDA:39,(anonymous_0)
FNDA:81,(anonymous_1)
FNDA:748,(anonymous_2)
FNDA:81,(anonymous_3)
FNDA:89,(anonymous_4)
FNDA:266,(anonymous_5)
FNDA:95,(anonymous_6)
FNDA:242,(anonymous_7)
FNDA:48,(anonymous_8)
FNDA:73,(anonymous_9)
FNDA:68,(anonymous_10)
FNDA:72,(anonymous_11)
FNDA:25,(anonymous_12)
FNDA:23,(anonymous_13)
FNDA:25,(anonymous_14)
FNDA:961,(anonymous_15)
FNDA:39,(anonymous_16)
DA:1,1
DA:2,1
DA:3,1
DA:5,39
DA:6,39
DA:7,39
DA:8,39
DA:9,39
DA:11,39
DA:12,81
DA:15,39
DA:16,748
DA:19,39
DA:21,81
DA:22,70
DA:23,70
DA:24,70
DA:26,11
DA:27,11
DA:30,39
DA:31,89
DA:32,89
DA:33,70
DA:34,46
DA:37,39
DA:38,266
DA:39,230
DA:40,228
DA:41,31
DA:42,31
DA:43,31
DA:45,197
DA:46,197
DA:49,39
DA:50,95
DA:51,61
DA:52,53
DA:53,8
DA:54,8
DA:55,8
DA:57,45
DA:58,45
DA:61,39
DA:62,242
DA:63,222
DA:64,4
DA:65,4
DA:67,218
DA:68,177
DA:69,177
DA:72,39
DA:73,48
DA:74,41
DA:75,41
DA:76,28
DA:77,16
DA:78,1
DA:79,1
DA:80,1
DA:81,1
DA:83,15
DA:86,39
DA:87,73
DA:88,13
DA:89,13
DA:92,60
DA:93,60
DA:96,39
DA:97,68
DA:98,12
DA:99,12
DA:102,56
DA:103,56
DA:106,39
DA:107,72
DA:108,8
DA:109,8
DA:111,64
DA:112,4
DA:113,4
DA:116,60
DA:117,3
DA:118,3
DA:119,3
DA:120,3
DA:122,57
DA:123,57
DA:126,39
DA:127,25
DA:128,21
DA:129,4
DA:130,4
DA:131,4
DA:133,17
DA:136,39
DA:137,23
DA:138,22
DA:139,22
DA:140,22
DA:141,22
DA:143,1
DA:146,39
DA:147,25
DA:148,24
DA:149,1
DA:150,1
DA:151,1
DA:153,23
DA:154,23
DA:157,39
DA:160,961
DA:163,39
LF:112
LH:112
BRDA:16,0,0,748
BRDA:16,0,1,642
BRDA:16,0,2,642
BRDA:21,1,0,70
BRDA:21,1,1,11
BRDA:32,2,0,19
BRDA:32,2,1,70
BRDA:33,3,0,24
BRDA:33,3,1,46
BRDA:38,4,0,36
BRDA:38,4,1,230
BRDA:39,5,0,2
BRDA:39,5,1,228
BRDA:40,6,0,31
BRDA:40,6,1,197
BRDA:50,7,0,34
BRDA:50,7,1,61
BRDA:51,8,0,8
BRDA:51,8,1,53
BRDA:52,9,0,8
BRDA:52,9,1,45
BRDA:62,10,0,20
BRDA:62,10,1,222
BRDA:63,11,0,4
BRDA:63,11,1,218
BRDA:67,12,0,41
BRDA:67,12,1,177
BRDA:73,13,0,7
BRDA:73,13,1,41
BRDA:75,14,0,13
BRDA:75,14,1,28
BRDA:76,15,0,12
BRDA:76,15,1,16
BRDA:77,16,0,1
BRDA:77,16,1,15
BRDA:87,17,0,13
BRDA:87,17,1,60
BRDA:97,18,0,12
BRDA:97,18,1,56
BRDA:107,19,0,8
BRDA:107,19,1,64
BRDA:111,20,0,4
BRDA:111,20,1,60
BRDA:116,21,0,3
BRDA:116,21,1,57
BRDA:127,22,0,4
BRDA:127,22,1,21
BRDA:128,23,0,4
BRDA:128,23,1,17
BRDA:137,24,0,22
BRDA:137,24,1,1
BRDA:147,25,0,1
BRDA:147,25,1,24
BRDA:148,26,0,1
BRDA:148,26,1,23
BRF:55
BRH:55
end_of_record
TN:
SF:htmlParser/StringStream.class.js
FN:3,(anonymous_0)
FN:8,(anonymous_1)
FNF:2
FNH:2
FNDA:39,(anonymous_0)
FNDA:39,(anonymous_1)
DA:1,1
DA:2,1
DA:4,39
DA:6,39
DA:9,39
DA:10,961
DA:12,39
LF:7
LH:7
BRF:0
BRH:0
end_of_record
TN:
SF:htmlParser/Token.class.js
FN:2,(anonymous_0)
FN:7,(anonymous_1)
FN:10,(anonymous_2)
FN:13,(anonymous_3)
FN:16,(anonymous_4)
FN:19,(anonymous_5)
FN:22,(anonymous_6)
FN:25,(anonymous_7)
FNF:8
FNH:8
FNDA:82,(anonymous_0)
FNDA:115,(anonymous_1)
FNDA:81,(anonymous_2)
FNDA:69,(anonymous_3)
FNDA:81,(anonymous_4)
FNDA:45,(anonymous_5)
FNDA:81,(anonymous_6)
FNDA:81,(anonymous_7)
DA:1,1
DA:3,82
DA:4,82
DA:5,82
DA:8,115
DA:11,81
DA:14,69
DA:17,81
DA:20,45
DA:23,81
DA:26,81
DA:27,81
DA:28,81
DA:29,81
LF:14
LH:14
BRDA:29,0,0,49
BRDA:29,0,1,32
BRF:2
BRH:2
end_of_record
